<?xml version="1.0" encoding="UTF-8"?>
<!-- Generated by org.testng.reporters.JUnitReportReporter -->
<testsuite hostname="DESKTOP-G7T236P" failures="0" tests="1" name="Tests.Adminregistertest" time="6.243" errors="0" timestamp="2025-01-09T11:17:49 IST" skipped="0">
  <testcase classname="Tests.Adminregistertest" name="testValidRegistration" time="6.243"/>
  <system-out/>
</testsuite> <!-- Tests.Adminregistertest -->
