<?xml version="1.0" encoding="UTF-8"?>
<!-- Generated by org.testng.reporters.JUnitReportReporter -->
<testsuite hostname="DESKTOP-G7T236P" failures="0" tests="1" name="Tests.InternshipTest" time="2.739" errors="0" timestamp="2025-01-07T11:35:27 IST" skipped="0">
  <testcase classname="Tests.InternshipTest" name="fillInternshipForm" time="2.739"/>
  <system-out/>
</testsuite> <!-- Tests.InternshipTest -->
