<?xml version="1.0" encoding="UTF-8"?>
<!-- Generated by org.testng.reporters.JUnitReportReporter -->
<testsuite hostname="DESKTOP-G7T236P" failures="0" tests="2" name="Tests.ResourcesTest" time="0.292" errors="0" timestamp="2025-01-02T13:58:05 IST" skipped="0">
  <testcase classname="Tests.ResourcesTest" name="validateNavigationItems" time="0.142"/>
  <system-out/>
  <testcase classname="Tests.ResourcesTest" name="validateLoginButtonFunctionality" time="0.150"/>
  <system-out/>
</testsuite> <!-- Tests.ResourcesTest -->
