<?xml version="1.0" encoding="UTF-8"?>
<!-- Generated by org.testng.reporters.JUnitReportReporter -->
<testsuite hostname="DESKTOP-G7T236P" failures="0" tests="3" name="Tests.AdminLoginTest" time="20.953" errors="0" timestamp="2024-12-30T10:32:22 IST" skipped="0">
  <testcase classname="Tests.AdminLoginTest" name="adminLogin" time="5.797"/>
  <system-out/>
  <testcase classname="Tests.AdminLoginTest" name="navigateToJobsPage" time="0.699"/>
  <system-out/>
  <testcase classname="Tests.AdminLoginTest" name="fillJobDetails" time="14.457"/>
  <system-out/>
</testsuite> <!-- Tests.AdminLoginTest -->
