<?xml version="1.0" encoding="UTF-8"?>
<!-- Generated by org.testng.reporters.JUnitReportReporter -->
<testsuite hostname="DESKTOP-G7T236P" failures="0" tests="1" name="Tests.Adminregistertest" time="7.366" errors="0" timestamp="2025-01-07T11:35:27 IST" skipped="0">
  <testcase classname="Tests.Adminregistertest" name="testValidRegistration" time="7.366"/>
  <system-out/>
</testsuite> <!-- Tests.Adminregistertest -->
