<?xml version="1.0" encoding="UTF-8"?>
<!-- Generated by org.testng.reporters.JUnitReportReporter -->
<testsuite hostname="DESKTOP-G7T236P" failures="0" tests="1" name="Tests.SuperAdminLoginTest" time="4.556" errors="0" timestamp="2025-01-07T11:21:11 IST" skipped="0">
  <testcase classname="Tests.SuperAdminLoginTest" name="testSuperAdminLogin" time="4.556"/>
  <system-out/>
</testsuite> <!-- Tests.SuperAdminLoginTest -->
