<?xml version="1.0" encoding="UTF-8"?>
<!-- Generated by org.testng.reporters.JUnitReportReporter -->
<testsuite hostname="DESKTOP-G7T236P" failures="0" tests="2" name="Tests.AcchajobTest" time="4.201" errors="0" timestamp="2025-01-09T11:17:49 IST" skipped="0">
  <testcase classname="Tests.AcchajobTest" name="searchJobTest" time="0.313"/>
  <system-out/>
  <testcase classname="Tests.AcchajobTest" name="adminLoginTest" time="3.888"/>
  <system-out/>
</testsuite> <!-- Tests.AcchajobTest -->
