<?xml version="1.0" encoding="UTF-8"?>
<!-- Generated by org.testng.reporters.JUnitReportReporter -->
<testsuite hostname="DESKTOP-G7T236P" failures="0" tests="3" name="Tests.AdminLoginTest" time="22.038" errors="0" timestamp="2025-01-03T10:02:39 IST" skipped="0">
  <testcase classname="Tests.AdminLoginTest" name="adminLogin" time="6.476"/>
  <system-out/>
  <testcase classname="Tests.AdminLoginTest" name="navigateToJobsPage" time="0.754"/>
  <system-out/>
  <testcase classname="Tests.AdminLoginTest" name="fillJobDetails" time="14.808"/>
  <system-out/>
</testsuite> <!-- Tests.AdminLoginTest -->
