<?xml version="1.0" encoding="UTF-8"?>
<!-- Generated by org.testng.reporters.JUnitReportReporter -->
<testsuite hostname="DESKTOP-G7T236P" failures="0" tests="3" name="Tests.AdminLoginTest" time="17.531" errors="0" timestamp="2024-12-30T14:56:23 IST" skipped="0">
  <testcase classname="Tests.AdminLoginTest" name="adminLogin" time="6.940"/>
  <system-out/>
  <testcase classname="Tests.AdminLoginTest" name="navigateToJobsPage" time="0.186"/>
  <system-out/>
  <testcase classname="Tests.AdminLoginTest" name="fillJobDetails" time="10.405"/>
  <system-out/>
</testsuite> <!-- Tests.AdminLoginTest -->
