<?xml version="1.0" encoding="UTF-8"?>
<!-- Generated by org.testng.reporters.JUnitReportReporter -->
<testsuite hostname="DESKTOP-G7T236P" failures="0" tests="1" name="Pages.InternshipTest" time="1.906" errors="0" timestamp="2025-01-02T15:27:52 IST" skipped="0">
  <testcase classname="Pages.InternshipTest" name="fillInternshipForm" time="1.906"/>
  <system-out/>
</testsuite> <!-- Pages.InternshipTest -->
