<?xml version="1.0" encoding="UTF-8"?>
<!-- Generated by org.testng.reporters.JUnitReportReporter -->
<testsuite hostname="DESKTOP-G7T236P" failures="0" tests="1" name="Tests.ApproveUser" time="1.897" errors="0" timestamp="2025-01-09T11:17:49 IST" skipped="0">
  <testcase classname="Tests.ApproveUser" name="superAdminLoginTest" time="1.897"/>
  <system-out/>
</testsuite> <!-- Tests.ApproveUser -->
