<?xml version="1.0" encoding="UTF-8"?>
<!-- Generated by org.testng.reporters.JUnitReportReporter -->
<testsuite hostname="DESKTOP-G7T236P" failures="0" tests="5" name="Tests.AchaajobTest" time="54.702" errors="0" timestamp="2024-12-30T10:22:45 IST" skipped="0">
  <testcase classname="Tests.AchaajobTest" name="searchJobTest" time="7.996"/>
  <system-out/>
  <testcase classname="Tests.AchaajobTest" name="registerNewUserTest" time="15.438"/>
  <system-out/>
  <testcase classname="Tests.AchaajobTest" name="clickLoginTest" time="8.159"/>
  <system-out/>
  <testcase classname="Tests.AchaajobTest" name="adminLoginTest" time="14.212"/>
  <system-out/>
  <testcase classname="Tests.AchaajobTest" name="superAdminLoginTest" time="8.897"/>
  <system-out/>
</testsuite> <!-- Tests.AchaajobTest -->
