<?xml version="1.0" encoding="UTF-8"?>
<!-- Generated by org.testng.reporters.JUnitReportReporter -->
<testsuite hostname="DESKTOP-G7T236P" failures="0" tests="3" name="Tests.AdminLoginTest" time="9.312" errors="0" timestamp="2025-01-07T11:35:27 IST" skipped="0">
  <testcase classname="Tests.AdminLoginTest" name="adminLogin" time="4.436"/>
  <system-out/>
  <testcase classname="Tests.AdminLoginTest" name="navigateToJobsPage" time="0.361"/>
  <system-out/>
  <testcase classname="Tests.AdminLoginTest" name="fillJobDetails" time="4.515"/>
  <system-out/>
</testsuite> <!-- Tests.AdminLoginTest -->
