<?xml version="1.0" encoding="UTF-8"?>
<!-- Generated by org.testng.reporters.JUnitReportReporter -->
<testsuite hostname="DESKTOP-G7T236P" failures="0" tests="2" name="Tests.AchaajobTest" time="81.194" errors="0" timestamp="2025-01-03T10:02:39 IST" skipped="0">
  <testcase classname="Tests.AchaajobTest" name="adminLoginTest" time="39.852"/>
  <system-out/>
  <testcase classname="Tests.AchaajobTest" name="superAdminLoginTest" time="41.342"/>
  <system-out/>
</testsuite> <!-- Tests.AchaajobTest -->
