<?xml version="1.0" encoding="UTF-8"?>
<!-- Generated by org.testng.reporters.JUnitReportReporter -->
<testsuite hostname="DESKTOP-G7T236P" failures="0" tests="3" name="Tests.AdminLoginTest" time="47.882" errors="0" timestamp="2025-01-09T11:17:49 IST" skipped="0">
  <testcase classname="Tests.AdminLoginTest" name="adminLogin" time="37.533"/>
  <system-out/>
  <testcase classname="Tests.AdminLoginTest" name="navigateToJobsPage" time="0.189"/>
  <system-out/>
  <testcase classname="Tests.AdminLoginTest" name="fillJobDetails" time="10.160"/>
  <system-out/>
</testsuite> <!-- Tests.AdminLoginTest -->
