<?xml version="1.0" encoding="UTF-8"?>
<!-- Generated by org.testng.reporters.JUnitReportReporter -->
<testsuite hostname="DESKTOP-G7T236P" failures="0" tests="3" name="Tests.AchaajobTest" time="5.719" errors="0" timestamp="2025-01-07T09:42:12 IST" skipped="0">
  <testcase classname="Tests.AchaajobTest" name="searchJobTest" time="0.528"/>
  <system-out/>
  <testcase classname="Tests.AchaajobTest" name="adminLoginTest" time="3.008"/>
  <system-out/>
  <testcase classname="Tests.AchaajobTest" name="superAdminLoginTest" time="2.183"/>
  <system-out/>
</testsuite> <!-- Tests.AchaajobTest -->
