<?xml version="1.0" encoding="UTF-8"?>
<!-- Generated by org.testng.reporters.JUnitReportReporter -->
<testsuite hostname="DESKTOP-G7T236P" failures="0" tests="5" name="Tests.AchaajobTest" time="32.840" errors="0" timestamp="2024-12-30T14:56:23 IST" skipped="0">
  <testcase classname="Tests.AchaajobTest" name="searchJobTest" time="4.941"/>
  <system-out/>
  <testcase classname="Tests.AchaajobTest" name="registerNewUserTest" time="7.485"/>
  <system-out/>
  <testcase classname="Tests.AchaajobTest" name="clickLoginTest" time="5.372"/>
  <system-out/>
  <testcase classname="Tests.AchaajobTest" name="adminLoginTest" time="8.781"/>
  <system-out/>
  <testcase classname="Tests.AchaajobTest" name="superAdminLoginTest" time="6.261"/>
  <system-out/>
</testsuite> <!-- Tests.AchaajobTest -->
