<?xml version="1.0" encoding="UTF-8"?>
<!-- Generated by org.testng.reporters.JUnitReportReporter -->
<testsuite hostname="DESKTOP-G7T236P" failures="0" tests="2" name="Tests.ResourcesTest" time="0.979" errors="0" timestamp="2025-01-03T10:02:39 IST" skipped="0">
  <testcase classname="Tests.ResourcesTest" name="validateNavigationItems" time="0.465"/>
  <system-out/>
  <testcase classname="Tests.ResourcesTest" name="validateLoginButtonFunctionality" time="0.514"/>
  <system-out/>
</testsuite> <!-- Tests.ResourcesTest -->
