<?xml version="1.0" encoding="UTF-8"?>
<!-- Generated by org.testng.reporters.JUnitReportReporter -->
<testsuite hostname="DESKTOP-G7T236P" failures="0" tests="2" name="Tests.AcchajobTest" time="2.965" errors="0" timestamp="2025-01-07T11:35:27 IST" skipped="0">
  <testcase classname="Tests.AcchajobTest" name="searchJobTest" time="0.438"/>
  <system-out/>
  <testcase classname="Tests.AcchajobTest" name="superAdminLoginTest" time="2.527"/>
  <system-out/>
</testsuite> <!-- Tests.AcchajobTest -->
