<?xml version="1.0" encoding="UTF-8"?>
<!-- Generated by org.testng.reporters.JUnitReportReporter -->
<testsuite hostname="DESKTOP-G7T236P" failures="0" tests="2" name="Tests.AchaajobTest" time="27.376" errors="0" timestamp="2025-01-02T13:58:05 IST" skipped="0">
  <testcase classname="Tests.AchaajobTest" name="adminLoginTest" time="16.881"/>
  <system-out/>
  <testcase classname="Tests.AchaajobTest" name="superAdminLoginTest" time="10.495"/>
  <system-out/>
</testsuite> <!-- Tests.AchaajobTest -->
